<?xml version="1.0" encoding="UTF-8"?>
<testng-results ignored="0" total="1" passed="1" failed="0" skipped="0">
  <reporter-output>
  </reporter-output>
  <suite started-at="2022-08-13T23:14:52 IST" name="Suite" finished-at="2022-08-13T23:15:45 IST" duration-ms="52398">
    <groups>
    </groups>
    <test started-at="2022-08-13T23:14:52 IST" name="Test1" finished-at="2022-08-13T23:15:45 IST" duration-ms="52398">
      <class name="Munera.AgencyOnboarding">
        <test-method is-config="true" signature="setup()[pri:0, instance:Munera.AgencyOnboarding@66498326]" started-at="2022-08-13T23:14:52 IST" name="setup" finished-at="2022-08-13T23:15:10 IST" duration-ms="17850" status="PASS">
          <reporter-output>
          </reporter-output>
        </test-method> <!-- setup -->
        <test-method signature="TC1()[pri:0, instance:Munera.AgencyOnboarding@66498326]" started-at="2022-08-13T23:15:10 IST" name="TC1" finished-at="2022-08-13T23:15:43 IST" duration-ms="33287" status="PASS">
          <reporter-output>
          </reporter-output>
        </test-method> <!-- TC1 -->
        <test-method is-config="true" signature="tearDown()[pri:0, instance:Munera.AgencyOnboarding@66498326]" started-at="2022-08-13T23:15:43 IST" name="tearDown" finished-at="2022-08-13T23:15:45 IST" duration-ms="1195" status="PASS">
          <reporter-output>
          </reporter-output>
        </test-method> <!-- tearDown -->
      </class> <!-- Munera.AgencyOnboarding -->
    </test> <!-- Test1 -->
  </suite> <!-- Suite -->
</testng-results>
