<?xml version="1.0" encoding="UTF-8"?>
<testng-results ignored="0" total="1" passed="1" failed="0" skipped="0">
  <reporter-output>
  </reporter-output>
  <suite started-at="2022-08-13T23:03:19 IST" name="Default suite" finished-at="2022-08-13T23:04:04 IST" duration-ms="45467">
    <groups>
    </groups>
    <test started-at="2022-08-13T23:03:19 IST" name="Default test" finished-at="2022-08-13T23:04:04 IST" duration-ms="45467">
      <class name="Munera.AgencyOnboarding">
        <test-method is-config="true" signature="setup()[pri:0, instance:Munera.AgencyOnboarding@66498326]" started-at="2022-08-13T23:03:19 IST" name="setup" finished-at="2022-08-13T23:03:32 IST" duration-ms="13537" status="PASS">
          <reporter-output>
          </reporter-output>
        </test-method> <!-- setup -->
        <test-method signature="TC1()[pri:0, instance:Munera.AgencyOnboarding@66498326]" started-at="2022-08-13T23:03:32 IST" name="TC1" finished-at="2022-08-13T23:04:03 IST" duration-ms="30553" status="PASS">
          <reporter-output>
          </reporter-output>
        </test-method> <!-- TC1 -->
        <test-method is-config="true" signature="tearDown()[pri:0, instance:Munera.AgencyOnboarding@66498326]" started-at="2022-08-13T23:04:03 IST" name="tearDown" finished-at="2022-08-13T23:04:04 IST" duration-ms="1315" status="PASS">
          <reporter-output>
          </reporter-output>
        </test-method> <!-- tearDown -->
      </class> <!-- Munera.AgencyOnboarding -->
    </test> <!-- Default test -->
  </suite> <!-- Default suite -->
</testng-results>
